<?xml version="1.0" encoding="UTF-8"?>
<!-- Generated by org.testng.reporters.JUnitXMLReporter -->
<testsuite ignored="0" hostname="DESKTOP-P1FTGIL" failures="0" tests="4" name="Test Runner3" time="0.175" errors="0" timestamp="2023-03-27T13:09:01 IST">
  <testcase classname="Practice_Package.TS_3" name="script5" time="0.018"/>
  <testcase classname="Practice_Package.TS_3" name="script6" time="0.01"/>
  <testcase classname="Practice_Package.TS_5" name="script10" time="0.005"/>
  <testcase classname="Practice_Package.TS_5" name="script9" time="0.002"/>
</testsuite> <!-- Test Runner3 -->
