<?xml version="1.0" encoding="UTF-8"?>
<!-- Generated by org.testng.reporters.JUnitXMLReporter -->
<testsuite ignored="0" hostname="DESKTOP-P1FTGIL" failures="0" tests="6" name="Test Runner2" time="0.2" errors="0" timestamp="2023-03-27T13:09:01 IST">
  <testcase classname="Practice_Package.TS_6" name="script11" time="0.017"/>
  <testcase classname="Practice_Package.TS_6" name="script12" time="0.022"/>
  <testcase classname="Practice_Package.TS_2" name="script3" time="0.001"/>
  <testcase classname="Practice_Package.TS_2" name="script4" time="0.025"/>
  <testcase classname="Practice_Package.TS_4" name="script7" time="0.002"/>
  <testcase classname="Practice_Package.TS_4" name="script8" time="0.002"/>
</testsuite> <!-- Test Runner2 -->
