<?xml version="1.0" encoding="UTF-8"?>
<!-- Generated by org.testng.reporters.JUnitXMLReporter -->
<testsuite ignored="0" hostname="DESKTOP-P1FTGIL" failures="0" tests="4" name="Test Runner1" time="0.162" errors="0" timestamp="2023-03-27T13:09:01 IST">
  <testcase classname="Practice_Package.TS_7" name="script13" time="0.018"/>
  <testcase classname="Practice_Package.TS_7" name="script14" time="0.003"/>
  <testcase classname="Practice_Package.TS_1" name="script1" time="0.003"/>
  <testcase classname="Practice_Package.TS_1" name="script2" time="0.006"/>
</testsuite> <!-- Test Runner1 -->
