<?xml version="1.0" encoding="UTF-8"?>
<testng-results skipped="0" failed="0" ignored="0" total="4" passed="4">
  <reporter-output>
  </reporter-output>
  <suite name="Default suite" duration-ms="102" started-at="2023-04-03T09:48:37 IST" finished-at="2023-04-03T09:48:37 IST">
    <groups>
    </groups>
    <test name="Default test" duration-ms="102" started-at="2023-04-03T09:48:37 IST" finished-at="2023-04-03T09:48:37 IST">
      <class name="Practice_Package.Testscript_1Test">
        <test-method status="PASS" signature="delete()[pri:-1, instance:Practice_Package.Testscript_1Test@37d31475]" name="delete" duration-ms="16" started-at="2023-04-03T09:48:37 IST" finished-at="2023-04-03T09:48:37 IST">
          <reporter-output>
          </reporter-output>
        </test-method> <!-- delete -->
        <test-method status="PASS" signature="create()[pri:0, instance:Practice_Package.Testscript_1Test@37d31475]" name="create" duration-ms="3" started-at="2023-04-03T09:48:37 IST" finished-at="2023-04-03T09:48:37 IST">
          <reporter-output>
          </reporter-output>
        </test-method> <!-- create -->
        <test-method status="PASS" signature="edit()[pri:0, instance:Practice_Package.Testscript_1Test@37d31475]" name="edit" duration-ms="2" started-at="2023-04-03T09:48:37 IST" depends-on-methods="Practice_Package.Testscript_1Test.create" finished-at="2023-04-03T09:48:37 IST">
          <reporter-output>
          </reporter-output>
        </test-method> <!-- edit -->
        <test-method status="PASS" signature="edit()[pri:0, instance:Practice_Package.Testscript_1Test@37d31475]" name="edit" duration-ms="3" started-at="2023-04-03T09:48:37 IST" depends-on-methods="Practice_Package.Testscript_1Test.create" finished-at="2023-04-03T09:48:37 IST">
          <reporter-output>
          </reporter-output>
        </test-method> <!-- edit -->
      </class> <!-- Practice_Package.Testscript_1Test -->
    </test> <!-- Default test -->
  </suite> <!-- Default suite -->
</testng-results>
