<?xml version="1.0" encoding="UTF-8"?>
<testng-results skipped="0" failed="0" ignored="0" total="1" passed="1">
  <reporter-output>
  </reporter-output>
  <suite name="Default suite" duration-ms="69350" started-at="2023-04-07T15:36:55 IST" finished-at="2023-04-07T15:38:04 IST">
    <groups>
    </groups>
    <test name="Default test" duration-ms="69350" started-at="2023-04-07T15:36:55 IST" finished-at="2023-04-07T15:38:04 IST">
      <class name="Practice_Package.BuildLink">
        <test-method status="PASS" signature="build()[pri:0, instance:Practice_Package.BuildLink@3e57cd70]" name="build" duration-ms="69275" started-at="2023-04-07T15:36:55 IST" finished-at="2023-04-07T15:38:04 IST">
          <reporter-output>
          </reporter-output>
        </test-method> <!-- build -->
      </class> <!-- Practice_Package.BuildLink -->
    </test> <!-- Default test -->
  </suite> <!-- Default suite -->
</testng-results>
